<?xml version="1.0" encoding="UTF-8"?>
<!-- Generated by org.testng.reporters.JUnitXMLReporter -->
<testsuite ignored="0" hostname="NhanAi" failures="0" tests="5" name="Surefire test" time="37.731" errors="0" timestamp="2024-09-11T22:48:21 ICT">
  <testcase classname="personalproject.tests.ErrorValidationsTest" name="LoginErrorValidations" time="0.447"/>
  <testcase classname="personalproject.tests.ErrorValidationsTest" name="ProductErrorValidations" time="0.862"/>
  <testcase classname="personalproject.tests.SubmitOrderTest" name="submitOrder" time="5.602"/>
  <testcase classname="personalproject.tests.SubmitOrderTest" name="submitOrder" time="11.923"/>
  <testcase classname="personalproject.tests.SubmitOrderTest" name="OrderHistoryTest" time="0.838"/>
</testsuite> <!-- Surefire test -->
