<?xml version="1.0" encoding="UTF-8"?>
<!-- Generated by org.testng.reporters.JUnitXMLReporter -->
<testsuite ignored="0" hostname="NhanAi" failures="0" tests="3" name="Error Validations Test" time="10.52" errors="0" timestamp="2024-09-12T00:24:57 ICT">
  <testcase classname="personalproject.tests.ErrorValidationsTest" name="LoginErrorValidations" time="0.009">
    <skipped/>
  </testcase> <!-- LoginErrorValidations -->
  <testcase classname="personalproject.tests.ErrorValidationsTest" name="LoginErrorValidations" time="0.961"/>
  <testcase classname="personalproject.tests.ErrorValidationsTest" name="ProductErrorValidations" time="0.0">
    <skipped/>
  </testcase> <!-- ProductErrorValidations -->
</testsuite> <!-- Error Validations Test -->
